<?xml version="1.0" encoding="UTF-8"?>
<!-- Generated by org.testng.reporters.JUnitReportReporter -->
<testsuite hostname="SHIFAT" failures="0" tests="1" name="com.swaglabs.testcases.DetailsPageTest" time="43.829" errors="0" timestamp="2023-07-02T00:45:27 BDT" skipped="0">
  <testcase classname="com.swaglabs.testcases.DetailsPageTest" name="addCartTestDetailsPage" time="43.829"/>
  <system-out/>
</testsuite> <!-- com.swaglabs.testcases.DetailsPageTest -->
