<?xml version="1.0" encoding="UTF-8"?>
<!-- Generated by org.testng.reporters.JUnitReportReporter -->
<testsuite hostname="SHIFAT" failures="0" tests="2" name="com.swaglabs.testcases.AddToCartPageTest" time="29.371" errors="0" timestamp="2023-07-02T00:45:27 BDT" skipped="0">
  <testcase classname="com.swaglabs.testcases.AddToCartPageTest" name="clickContinueShoppingBtnTest" time="14.542"/>
  <system-out/>
  <testcase classname="com.swaglabs.testcases.AddToCartPageTest" name="clickCheckoutBtnTest" time="14.829"/>
  <system-out/>
</testsuite> <!-- com.swaglabs.testcases.AddToCartPageTest -->
