<?xml version="1.0" encoding="UTF-8"?>
<!-- Generated by org.testng.reporters.JUnitReportReporter -->
<testsuite hostname="SHIFAT" failures="0" tests="8" name="com.swaglabs.testcases.HomePageTest" time="138.630" errors="0" timestamp="2023-07-02T00:45:27 BDT" skipped="0">
  <testcase classname="com.swaglabs.testcases.HomePageTest" name="countProductTest" time="10.446"/>
  <system-out/>
  <testcase classname="com.swaglabs.testcases.HomePageTest" name="productTitleTest" time="37.304"/>
  <system-out/>
  <testcase classname="com.swaglabs.testcases.HomePageTest" name="cartLogoVisibilityTest" time="10.070"/>
  <system-out/>
  <testcase classname="com.swaglabs.testcases.HomePageTest" name="clickCartLogoTest" time="12.578"/>
  <system-out/>
  <testcase classname="com.swaglabs.testcases.HomePageTest" name="getCartTextTest" time="22.373"/>
  <system-out/>
  <testcase classname="com.swaglabs.testcases.HomePageTest" name="menuAllItemsBtnTest" time="14.394"/>
  <system-out/>
  <testcase classname="com.swaglabs.testcases.HomePageTest" name="menuAboutBtnTest" time="16.669"/>
  <system-out/>
  <testcase classname="com.swaglabs.testcases.HomePageTest" name="menuLogoutBtnTest" time="14.796"/>
  <system-out/>
</testsuite> <!-- com.swaglabs.testcases.HomePageTest -->
